{"/home/ilan274/Desktop/Trybe/ilan274.github.io/trybe-exercises/10_1/001-jest_exercises.js": {"path":"/home/ilan274/Desktop/Trybe/ilan274.github.io/trybe-exercises/10_1/001-jest_exercises.js","statementMap":{"0":{"start":{"line":1,"column":12},"end":{"line":6,"column":1}},"1":{"start":{"line":2,"column":2},"end":{"line":4,"column":3}},"2":{"start":{"line":3,"column":4},"end":{"line":3,"column":50}},"3":{"start":{"line":5,"column":2},"end":{"line":5,"column":15}},"4":{"start":{"line":8,"column":0},"end":{"line":8,"column":21}}},"fnMap":{"0":{"name":"(anonymous_0)","decl":{"start":{"line":1,"column":12},"end":{"line":1,"column":13}},"loc":{"start":{"line":1,"column":22},"end":{"line":6,"column":1}},"line":1}},"branchMap":{"0":{"loc":{"start":{"line":2,"column":2},"end":{"line":4,"column":3}},"type":"if","locations":[{"start":{"line":2,"column":2},"end":{"line":4,"column":3}},{"start":{"line":2,"column":2},"end":{"line":4,"column":3}}],"line":2},"1":{"loc":{"start":{"line":2,"column":6},"end":{"line":2,"column":52}},"type":"binary-expr","locations":[{"start":{"line":2,"column":6},"end":{"line":2,"column":27}},{"start":{"line":2,"column":31},"end":{"line":2,"column":52}}],"line":2}},"s":{"0":1,"1":5,"2":1,"3":4,"4":1},"f":{"0":5},"b":{"0":[1,4],"1":[5,5]},"_coverageSchema":"1a1c01bbd47fc00a2c39e90264f33305004495a9","hash":"5c160afd44b66fa81ffc3773adaedff98f9c10f8"}
}
